<?xml version="1.0" encoding="UTF-8"?>
<testng-results ignored="0" total="1" passed="1" failed="0" skipped="0">
  <reporter-output>
  </reporter-output>
  <suite started-at="2022-08-04T09:00:14 IST" name="Default suite" finished-at="2022-08-04T09:00:15 IST" duration-ms="339">
    <groups>
    </groups>
    <test started-at="2022-08-04T09:00:14 IST" name="Default test" finished-at="2022-08-04T09:00:15 IST" duration-ms="339">
      <class name="com.sgtesting.pageobjectmodel.CreateCustomerPOM">
        <test-method signature="deleteCustomer()[pri:6, instance:com.sgtesting.pageobjectmodel.CreateCustomerPOM@581ac8a8]" started-at="2022-08-04T09:00:15 IST" name="deleteCustomer" finished-at="2022-08-04T09:00:15 IST" duration-ms="277" status="PASS">
          <reporter-output>
          </reporter-output>
        </test-method> <!-- deleteCustomer -->
      </class> <!-- com.sgtesting.pageobjectmodel.CreateCustomerPOM -->
    </test> <!-- Default test -->
  </suite> <!-- Default suite -->
</testng-results>
